<?xml version="1.0" encoding="UTF-8"?>
<!-- Generated by org.testng.reporters.JUnitReportReporter -->
<testsuite hostname="JAGADISH" failures="0" tests="1" name="flipkartestcases.TestCase2" time="135.161" errors="0" timestamp="2022-02-28T11:24:56 IST" skipped="0">
  <testcase classname="flipkartestcases.TestCase2" name="scenario1" time="135.161"/>
  <system-out/>
</testsuite> <!-- flipkartestcases.TestCase2 -->
