<?xml version="1.0" encoding="UTF-8"?>
<!-- Generated by org.testng.reporters.JUnitReportReporter -->
<testsuite hostname="JAGADISH" failures="0" tests="1" name="flipkartestcases.Testcase1" time="34.459" errors="0" timestamp="2022-02-28T11:00:59 IST" skipped="0">
  <testcase classname="flipkartestcases.Testcase1" name="scenario1" time="34.459"/>
  <system-out/>
</testsuite> <!-- flipkartestcases.Testcase1 -->
